<?xml version="1.0" encoding="UTF-8"?>
<testsuite xmlns:xsi="http://www.w3.org/2001/XMLSchema-instance" xsi:noNamespaceSchemaLocation="https://maven.apache.org/surefire/maven-surefire-plugin/xsd/surefire-test-report.xsd" version="3.0.2" name="com.testing.project.demo.ECommerceAppApplicationTests" time="2.229" tests="1" errors="0" skipped="0" failures="0">
  <properties>
[...]
</properties>
  <testcase name="contextLoads" classname="com.testing.project.demo.ECommerceAppApplicationTests" time="0.53">
    <system-out><![CDATA[18:48:08.553 [main] INFO org.springframework.test.context.support.AnnotationConfigContextLoaderUtils -- Could not detect default configuration classes for test class [com.testing.project.demo.ECommerceAppApplicationTests]: ECommerceAppApplicationTests does not declare any static, non-private, non-final, nested classes annotated with @Configuration.
18:48:08.619 [main] INFO org.springframework.boot.test.context.SpringBootTestContextBootstrapper -- Found @SpringBootConfiguration com.testing.project.demo.ECommerceAppApplication for test class com.testing.project.demo.ECommerceAppApplicationTests
18:48:08.725 [main] INFO org.springframework.boot.devtools.restart.RestartApplicationListener -- Restart disabled due to context in which it is running

  .   ____          _            __ _ _
 /\\ / ___'_ __ _ _(_)_ __  __ _ \ \ \ \
( ( )\___ | '_ | '_| | '_ \/ _` | \ \ \ \
 \\/  ___)| |_)| | | | | || (_| |  ) ) ) )
  '  |____| .__|_| |_|_| |_\__, | / / / /
 =========|_|==============|___/=/_/_/_/

 :: Spring Boot ::                (v3.4.4)

2025-04-08T18:48:08.889+02:00  INFO 29928 --- [e-commerce app] [           main] c.t.p.demo.ECommerceAppApplicationTests  : Starting ECommerceAppApplicationTests using Java 21.0.2 with PID 29928 (started by tamsa in C:\DESKTOP\Uni Projects\Junior T2\Testing\ecommerce-application\demo)
2025-04-08T18:48:08.889+02:00  INFO 29928 --- [e-commerce app] [           main] c.t.p.demo.ECommerceAppApplicationTests  : No active profile set, falling back to 1 default profile: "default"
2025-04-08T18:48:10.035+02:00  INFO 29928 --- [e-commerce app] [           main] o.s.b.a.e.web.EndpointLinksResolver      : Exposing 1 endpoint beneath base path '/actuator'
2025-04-08T18:48:10.077+02:00  INFO 29928 --- [e-commerce app] [           main] c.t.p.demo.ECommerceAppApplicationTests  : Started ECommerceAppApplicationTests in 1.359 seconds (process running for 1.901)
]]></system-out>
    <system-err><![CDATA[Mockito is currently self-attaching to enable the inline-mock-maker. This will no longer work in future releases of the JDK. Please add Mockito as an agent to your build what is described in Mockito's documentation: https://javadoc.io/doc/org.mockito/mockito-core/latest/org/mockito/Mockito.html#0.3
WARNING: A Java agent has been loaded dynamically (C:\Users\tamsa\.m2\repository\net\bytebuddy\byte-buddy-agent\1.15.11\byte-buddy-agent-1.15.11.jar)
WARNING: If a serviceability tool is in use, please run with -XX:+EnableDynamicAgentLoading to hide this warning
WARNING: If a serviceability tool is not in use, please run with -Djdk.instrument.traceUsage for more information
WARNING: Dynamic loading of agents will be disallowed by default in a future release
]]></system-err>
  </testcase>
</testsuite>